2019-07-21 17:43:50.965  INFO 13700 --- [restartedMain] com.example.demo.DemoApplication         : Starting DemoApplication on LAPTOP-7281A1PU with PID 13700 (E:\java\demo\target\classes started by mi in E:\java\demo)
2019-07-21 17:43:50.969  INFO 13700 --- [restartedMain] com.example.demo.DemoApplication         : No active profile set, falling back to default profiles: default
2019-07-21 17:43:51.032  INFO 13700 --- [restartedMain] .e.DevToolsPropertyDefaultsPostProcessor : Devtools property defaults active! Set 'spring.devtools.add-properties' to 'false' to disable
2019-07-21 17:43:51.033  INFO 13700 --- [restartedMain] .e.DevToolsPropertyDefaultsPostProcessor : For additional web related logging consider setting the 'logging.level.web' property to 'DEBUG'
2019-07-21 17:43:52.291  INFO 13700 --- [restartedMain] o.s.b.w.embedded.tomcat.TomcatWebServer  : Tomcat initialized with port(s): 8088 (http)
2019-07-21 17:43:52.307  INFO 13700 --- [restartedMain] o.apache.catalina.core.StandardService   : Starting service [Tomcat]
2019-07-21 17:43:52.307  INFO 13700 --- [restartedMain] org.apache.catalina.core.StandardEngine  : Starting Servlet engine: [Apache Tomcat/9.0.17]
2019-07-21 17:43:52.312  INFO 13700 --- [restartedMain] o.a.catalina.core.AprLifecycleListener   : Loaded APR based Apache Tomcat Native library [1.2.21] using APR version [1.6.5].
2019-07-21 17:43:52.312  INFO 13700 --- [restartedMain] o.a.catalina.core.AprLifecycleListener   : APR capabilities: IPv6 [true], sendfile [true], accept filters [false], random [true].
2019-07-21 17:43:52.313  INFO 13700 --- [restartedMain] o.a.catalina.core.AprLifecycleListener   : APR/OpenSSL configuration: useAprConnector [false], useOpenSSL [true]
2019-07-21 17:43:52.316  INFO 13700 --- [restartedMain] o.a.catalina.core.AprLifecycleListener   : OpenSSL successfully initialized [OpenSSL 1.1.1a  20 Nov 2018]
2019-07-21 17:43:52.426  INFO 13700 --- [restartedMain] o.a.c.c.C.[Tomcat].[localhost].[/]       : Initializing Spring embedded WebApplicationContext
2019-07-21 17:43:52.426  INFO 13700 --- [restartedMain] o.s.web.context.ContextLoader            : Root WebApplicationContext: initialization completed in 1393 ms
2019-07-21 17:43:52.891  INFO 13700 --- [restartedMain] o.s.s.concurrent.ThreadPoolTaskExecutor  : Initializing ExecutorService 'applicationTaskExecutor'
2019-07-21 17:43:52.989  INFO 13700 --- [restartedMain] o.s.b.a.w.s.WelcomePageHandlerMapping    : Adding welcome page template: index
2019-07-21 17:43:53.258  INFO 13700 --- [restartedMain] o.s.b.d.a.OptionalLiveReloadServer       : LiveReload server is running on port 35729
2019-07-21 17:43:53.299  INFO 13700 --- [restartedMain] o.s.b.w.embedded.tomcat.TomcatWebServer  : Tomcat started on port(s): 8088 (http) with context path ''
2019-07-21 17:43:53.302  INFO 13700 --- [restartedMain] com.example.demo.DemoApplication         : Started DemoApplication in 2.69 seconds (JVM running for 3.488)
2019-07-21 17:44:01.535  INFO 13700 --- [http-nio-8088-exec-1] o.a.c.c.C.[Tomcat].[localhost].[/]       : Initializing Spring DispatcherServlet 'dispatcherServlet'
2019-07-21 17:44:01.536  INFO 13700 --- [http-nio-8088-exec-1] o.s.web.servlet.DispatcherServlet        : Initializing Servlet 'dispatcherServlet'
2019-07-21 17:44:01.542  INFO 13700 --- [http-nio-8088-exec-1] o.s.web.servlet.DispatcherServlet        : Completed initialization in 6 ms
2019-07-21 17:44:01.591  INFO 13700 --- [http-nio-8088-exec-1] com.zaxxer.hikari.HikariDataSource       : HikariPool-1 - Starting...
2019-07-21 17:44:01.710  INFO 13700 --- [http-nio-8088-exec-1] com.zaxxer.hikari.HikariDataSource       : HikariPool-1 - Start completed.
